c:\users\meist\source\repos\siedler-von-catan\debug\vc143.pdb
c:\users\meist\source\repos\siedler-von-catan\debug\window.obj
c:\users\meist\source\repos\siedler-von-catan\debug\trianglemesh.obj
c:\users\meist\source\repos\siedler-von-catan\debug\keyboard.obj
c:\users\meist\source\repos\siedler-von-catan\debug\glsl.obj
c:\users\meist\source\repos\siedler-von-catan\debug\config.obj
c:\users\meist\source\repos\siedler-von-catan\debug\beleg.obj
c:\users\meist\workwork\cprojects\beleg\siedler-von-catan\debug\vc143.pdb
c:\users\meist\workwork\cprojects\beleg\siedler-von-catan\debug\window.obj
c:\users\meist\workwork\cprojects\beleg\siedler-von-catan\debug\trianglemesh.obj
c:\users\meist\workwork\cprojects\beleg\siedler-von-catan\debug\keyboard.obj
c:\users\meist\workwork\cprojects\beleg\siedler-von-catan\debug\glsl.obj
c:\users\meist\workwork\cprojects\beleg\siedler-von-catan\debug\config.obj
c:\users\meist\workwork\cprojects\beleg\siedler-von-catan\debug\beleg.obj
c:\users\meist\workwork\cprojects\beleg\siedler-von-catan\debug\island.obj
c:\users\meist\source\repos\siedler-von-catan\debug\beleg.exe
c:\users\meist\source\repos\siedler-von-catan\debug\beleg.ilk
c:\users\meist\source\repos\siedler-von-catan\debug\beleg.pdb
c:\users\meist\workwork\cprojects\beleg\siedler-von-catan\debug\beleg.exe
c:\users\meist\workwork\cprojects\beleg\siedler-von-catan\debug\beleg.ilk
c:\users\meist\workwork\cprojects\beleg\siedler-von-catan\debug\beleg.pdb
c:\users\meist\workwork\cprojects\beleg\siedler-von-catan\debug\beleg.tlog\cl.command.1.tlog
c:\users\meist\workwork\cprojects\beleg\siedler-von-catan\debug\beleg.tlog\cl.read.1.tlog
c:\users\meist\workwork\cprojects\beleg\siedler-von-catan\debug\beleg.tlog\cl.write.1.tlog
c:\users\meist\workwork\cprojects\beleg\siedler-von-catan\debug\beleg.tlog\link.15856-cvtres.read.1.tlog
c:\users\meist\workwork\cprojects\beleg\siedler-von-catan\debug\beleg.tlog\link.15856-cvtres.write.1.tlog
c:\users\meist\workwork\cprojects\beleg\siedler-von-catan\debug\beleg.tlog\link.15856-rc.read.1.tlog
c:\users\meist\workwork\cprojects\beleg\siedler-von-catan\debug\beleg.tlog\link.15856-rc.write.1.tlog
c:\users\meist\workwork\cprojects\beleg\siedler-von-catan\debug\beleg.tlog\link.15856.read.1.tlog
c:\users\meist\workwork\cprojects\beleg\siedler-von-catan\debug\beleg.tlog\link.15856.write.1.tlog
c:\users\meist\workwork\cprojects\beleg\siedler-von-catan\debug\beleg.tlog\link.command.1.tlog
c:\users\meist\workwork\cprojects\beleg\siedler-von-catan\debug\beleg.tlog\link.read.1.tlog
c:\users\meist\workwork\cprojects\beleg\siedler-von-catan\debug\beleg.tlog\link.write.1.tlog
